<?xml version="1.0" encoding="UTF-8"?>
<!-- Generated by org.testng.reporters.JUnitReportReporter -->
<testsuite hostname="Inspiron-3501" failures="0" tests="1" name="tests.SearchTest" time="10.516" errors="0" timestamp="2025-10-01T19:29:02 IST" skipped="0">
  <testcase classname="tests.SearchTest" name="searchProduct" time="10.516"/>
</testsuite> <!-- tests.SearchTest -->
