<?xml version="1.0" encoding="UTF-8"?>
<!-- Generated by org.testng.reporters.JUnitReportReporter -->
<testsuite hostname="Inspiron-3501" failures="0" tests="1" name="tests.NavigationMenuTest" time="5.422" errors="0" timestamp="2025-09-27T19:20:49 IST" skipped="0">
  <testcase classname="tests.NavigationMenuTest" name="verfyNavigationsMenus" time="5.422"/>
</testsuite> <!-- tests.NavigationMenuTest -->
