<?xml version="1.0" encoding="UTF-8"?>
<!-- Generated by org.testng.reporters.JUnitReportReporter -->
<testsuite hostname="Inspiron-3501" failures="0" tests="1" name="tests.LogoTest" time="0.112" errors="0" timestamp="2025-10-04T09:13:50 IST" skipped="0">
  <testcase classname="tests.LogoTest" name="verifyLogoDisplayed" time="0.112"/>
</testsuite> <!-- tests.LogoTest -->
